<?xml version="1.0" encoding="UTF-8"?>
<Site BuildName="(empty)"
	BuildStamp="20240826-0250-Experimental"
	Name="(empty)"
	Generator="ctest-3.22.1"
	CompilerName=""
	CompilerVersion=""
	OSName="Linux"
	Hostname="346b8fac5c9b"
	OSRelease="5.15.0-78-generic"
	OSVersion="#85-Ubuntu SMP Fri Jul 7 15:25:09 UTC 2023"
	OSPlatform="x86_64"
	Is64Bits="1"
	VendorString="GenuineIntel"
	VendorID="Intel Corporation"
	FamilyID="6"
	ModelID="183"
	ProcessorCacheSize="24576"
	NumberOfLogicalCPU="20"
	NumberOfPhysicalCPU="14"
	TotalVirtualMemory="8191"
	TotalPhysicalMemory="31903"
	LogicalProcessorsPerPhysical="1"
	ProcessorClockFrequency="5100"
	>
	<Testing>
		<StartDateTime>Aug 26 02:50 UTC</StartDateTime>
		<StartTestTime>1724640638</StartTestTime>
		<TestList/>
		<EndDateTime>Aug 26 02:50 UTC</EndDateTime>
		<EndTestTime>1724640638</EndTestTime>
		<ElapsedMinutes>0</ElapsedMinutes>
	</Testing>
</Site>
